2025-09-19 00:58:09.380 | INFO     | src.data.ohlcv_downloader:download_ohlcv:64 - Descargando OHLCV | symbol=XRP/USDC tf=15m
2025-09-19 00:58:16.783 | INFO     | src.data.ohlcv_downloader:download_ohlcv:116 - Progreso: 4740 velas… 2025-09-03T02:25:00+00:00
2025-09-19 00:58:19.480 | INFO     | src.data.ohlcv_downloader:download_ohlcv:116 - Progreso: 5859 velas… 2025-09-15T11:40:00+00:00
2025-09-19 00:58:22.114 | INFO     | src.data.ohlcv_downloader:download_ohlcv:116 - Progreso: 6083 velas… 2025-09-18T13:10:00+00:00
2025-09-19 00:58:23.168 | INFO     | src.data.ohlcv_downloader:download_ohlcv:130 - Guardado 6096 velas en C:\BOT_INTELIGENTE\data\ohlcv\XRPUSDC_15m_2025-07-15_2025-09-18.csv
2025-09-19 00:58:23.238 | INFO     | __main__:main:39 - Archivo listo: C:\BOT_INTELIGENTE\data\ohlcv\XRPUSDC_15m_2025-07-15_2025-09-18.csv
2025-09-19 01:21:40.946 | INFO     | __main__:main:39 - Huecos detectados: 0
2025-09-19 01:21:40.946 | INFO     | __main__:main:41 - Nada que rellenar.
2025-09-19 01:29:34.814 | INFO     | __main__:main:43 - Huecos detectados: 231
2025-09-19 01:29:34.814 | INFO     | __main__:main:49 - Tramos contiguos: 33
2025-09-19 01:29:34.814 | INFO     | __main__:main:57 - [1/33] Rellenando 2025-07-23 14:30:00+00:00 → 2025-07-23 16:00:00+00:00 (con margen)
2025-09-19 01:29:34.836 | INFO     | src.data.ohlcv_downloader:download_ohlcv:77 - Descargando OHLCV | symbol=XRP/USDC tf=15m
2025-09-19 01:29:37.967 | INFO     | src.data.ohlcv_downloader:download_ohlcv:151 - Guardado 16 velas en C:\BOT_INTELIGENTE\data\ohlcv\XRPUSDC_15m_2025-07-23_2025-07-23.csv
2025-09-19 01:29:38.061 | INFO     | __main__:main:57 - [2/33] Rellenando 2025-07-31 03:45:00+00:00 → 2025-07-31 05:15:00+00:00 (con margen)
2025-09-19 01:29:38.070 | INFO     | src.data.ohlcv_downloader:download_ohlcv:77 - Descargando OHLCV | symbol=XRP/USDC tf=15m
2025-09-19 01:29:41.307 | INFO     | src.data.ohlcv_downloader:download_ohlcv:151 - Guardado 16 velas en C:\BOT_INTELIGENTE\data\ohlcv\XRPUSDC_15m_2025-07-31_2025-07-31.csv
2025-09-19 01:29:41.403 | INFO     | __main__:main:57 - [3/33] Rellenando 2025-08-06 17:15:00+00:00 → 2025-08-06 18:45:00+00:00 (con margen)
2025-09-19 01:29:41.409 | INFO     | src.data.ohlcv_downloader:download_ohlcv:77 - Descargando OHLCV | symbol=XRP/USDC tf=15m
2025-09-19 01:29:44.535 | INFO     | src.data.ohlcv_downloader:download_ohlcv:151 - Guardado 16 velas en C:\BOT_INTELIGENTE\data\ohlcv\XRPUSDC_15m_2025-08-06_2025-08-06.csv
2025-09-19 01:29:44.641 | INFO     | __main__:main:57 - [4/33] Rellenando 2025-08-12 10:15:00+00:00 → 2025-08-12 11:45:00+00:00 (con margen)
2025-09-19 01:29:44.650 | INFO     | src.data.ohlcv_downloader:download_ohlcv:77 - Descargando OHLCV | symbol=XRP/USDC tf=15m
2025-09-19 01:29:47.734 | INFO     | src.data.ohlcv_downloader:download_ohlcv:151 - Guardado 16 velas en C:\BOT_INTELIGENTE\data\ohlcv\XRPUSDC_15m_2025-08-12_2025-08-12.csv
2025-09-19 01:29:47.826 | INFO     | __main__:main:57 - [5/33] Rellenando 2025-08-17 09:30:00+00:00 → 2025-08-17 11:00:00+00:00 (con margen)
2025-09-19 01:29:47.845 | INFO     | src.data.ohlcv_downloader:download_ohlcv:77 - Descargando OHLCV | symbol=XRP/USDC tf=15m
2025-09-19 01:29:51.734 | INFO     | src.data.ohlcv_downloader:download_ohlcv:151 - Guardado 16 velas en C:\BOT_INTELIGENTE\data\ohlcv\XRPUSDC_15m_2025-08-17_2025-08-17.csv
2025-09-19 01:29:51.825 | INFO     | __main__:main:57 - [6/33] Rellenando 2025-08-21 17:00:00+00:00 → 2025-08-21 18:30:00+00:00 (con margen)
2025-09-19 01:29:51.847 | INFO     | src.data.ohlcv_downloader:download_ohlcv:77 - Descargando OHLCV | symbol=XRP/USDC tf=15m
2025-09-19 01:29:55.590 | INFO     | src.data.ohlcv_downloader:download_ohlcv:151 - Guardado 16 velas en C:\BOT_INTELIGENTE\data\ohlcv\XRPUSDC_15m_2025-08-21_2025-08-21.csv
2025-09-19 01:29:55.708 | INFO     | __main__:main:57 - [7/33] Rellenando 2025-08-25 11:00:00+00:00 → 2025-08-25 12:30:00+00:00 (con margen)
2025-09-19 01:29:55.724 | INFO     | src.data.ohlcv_downloader:download_ohlcv:77 - Descargando OHLCV | symbol=XRP/USDC tf=15m
2025-09-19 01:29:59.463 | INFO     | src.data.ohlcv_downloader:download_ohlcv:151 - Guardado 16 velas en C:\BOT_INTELIGENTE\data\ohlcv\XRPUSDC_15m_2025-08-25_2025-08-25.csv
2025-09-19 01:29:59.568 | INFO     | __main__:main:57 - [8/33] Rellenando 2025-08-28 17:15:00+00:00 → 2025-08-28 18:45:00+00:00 (con margen)
2025-09-19 01:29:59.579 | INFO     | src.data.ohlcv_downloader:download_ohlcv:77 - Descargando OHLCV | symbol=XRP/USDC tf=15m
2025-09-19 01:30:03.290 | INFO     | src.data.ohlcv_downloader:download_ohlcv:151 - Guardado 16 velas en C:\BOT_INTELIGENTE\data\ohlcv\XRPUSDC_15m_2025-08-28_2025-08-28.csv
2025-09-19 01:30:03.404 | INFO     | __main__:main:57 - [9/33] Rellenando 2025-08-31 13:30:00+00:00 → 2025-08-31 15:00:00+00:00 (con margen)
2025-09-19 01:30:03.413 | INFO     | src.data.ohlcv_downloader:download_ohlcv:77 - Descargando OHLCV | symbol=XRP/USDC tf=15m
2025-09-19 01:30:07.069 | INFO     | src.data.ohlcv_downloader:download_ohlcv:151 - Guardado 16 velas en C:\BOT_INTELIGENTE\data\ohlcv\XRPUSDC_15m_2025-08-31_2025-08-31.csv
2025-09-19 01:30:07.187 | INFO     | __main__:main:57 - [10/33] Rellenando 2025-09-03 00:45:00+00:00 → 2025-09-03 02:15:00+00:00 (con margen)
2025-09-19 01:30:07.195 | INFO     | src.data.ohlcv_downloader:download_ohlcv:77 - Descargando OHLCV | symbol=XRP/USDC tf=15m
2025-09-19 01:30:10.942 | INFO     | src.data.ohlcv_downloader:download_ohlcv:151 - Guardado 16 velas en C:\BOT_INTELIGENTE\data\ohlcv\XRPUSDC_15m_2025-09-02_2025-09-03.csv
2025-09-19 01:30:11.032 | INFO     | __main__:main:57 - [11/33] Rellenando 2025-09-05 04:15:00+00:00 → 2025-09-05 05:45:00+00:00 (con margen)
2025-09-19 01:30:11.042 | INFO     | src.data.ohlcv_downloader:download_ohlcv:77 - Descargando OHLCV | symbol=XRP/USDC tf=15m
2025-09-19 01:30:14.705 | INFO     | src.data.ohlcv_downloader:download_ohlcv:151 - Guardado 16 velas en C:\BOT_INTELIGENTE\data\ohlcv\XRPUSDC_15m_2025-09-05_2025-09-05.csv
2025-09-19 01:30:14.796 | INFO     | __main__:main:57 - [12/33] Rellenando 2025-09-07 01:00:00+00:00 → 2025-09-07 02:30:00+00:00 (con margen)
2025-09-19 01:30:14.804 | INFO     | src.data.ohlcv_downloader:download_ohlcv:77 - Descargando OHLCV | symbol=XRP/USDC tf=15m
2025-09-19 01:30:18.468 | INFO     | src.data.ohlcv_downloader:download_ohlcv:151 - Guardado 16 velas en C:\BOT_INTELIGENTE\data\ohlcv\XRPUSDC_15m_2025-09-06_2025-09-07.csv
2025-09-19 01:30:18.562 | INFO     | __main__:main:57 - [13/33] Rellenando 2025-09-08 16:00:00+00:00 → 2025-09-08 17:30:00+00:00 (con margen)
2025-09-19 01:30:18.571 | INFO     | src.data.ohlcv_downloader:download_ohlcv:77 - Descargando OHLCV | symbol=XRP/USDC tf=15m
2025-09-19 01:30:22.499 | INFO     | src.data.ohlcv_downloader:download_ohlcv:151 - Guardado 16 velas en C:\BOT_INTELIGENTE\data\ohlcv\XRPUSDC_15m_2025-09-08_2025-09-08.csv
2025-09-19 01:30:22.612 | INFO     | __main__:main:57 - [14/33] Rellenando 2025-09-10 01:45:00+00:00 → 2025-09-10 03:15:00+00:00 (con margen)
2025-09-19 01:30:22.620 | INFO     | src.data.ohlcv_downloader:download_ohlcv:77 - Descargando OHLCV | symbol=XRP/USDC tf=15m
2025-09-19 01:30:26.543 | INFO     | src.data.ohlcv_downloader:download_ohlcv:151 - Guardado 16 velas en C:\BOT_INTELIGENTE\data\ohlcv\XRPUSDC_15m_2025-09-10_2025-09-10.csv
2025-09-19 01:30:26.651 | INFO     | __main__:main:57 - [15/33] Rellenando 2025-09-11 07:15:00+00:00 → 2025-09-11 08:45:00+00:00 (con margen)
2025-09-19 01:30:26.661 | INFO     | src.data.ohlcv_downloader:download_ohlcv:77 - Descargando OHLCV | symbol=XRP/USDC tf=15m
2025-09-19 01:30:31.546 | INFO     | src.data.ohlcv_downloader:download_ohlcv:151 - Guardado 16 velas en C:\BOT_INTELIGENTE\data\ohlcv\XRPUSDC_15m_2025-09-11_2025-09-11.csv
2025-09-19 01:30:31.632 | INFO     | __main__:main:57 - [16/33] Rellenando 2025-09-12 08:45:00+00:00 → 2025-09-12 10:15:00+00:00 (con margen)
2025-09-19 01:30:31.640 | INFO     | src.data.ohlcv_downloader:download_ohlcv:77 - Descargando OHLCV | symbol=XRP/USDC tf=15m
2025-09-19 01:30:35.827 | INFO     | src.data.ohlcv_downloader:download_ohlcv:151 - Guardado 16 velas en C:\BOT_INTELIGENTE\data\ohlcv\XRPUSDC_15m_2025-09-12_2025-09-12.csv
2025-09-19 01:30:35.930 | INFO     | __main__:main:57 - [17/33] Rellenando 2025-09-13 07:00:00+00:00 → 2025-09-13 08:30:00+00:00 (con margen)
2025-09-19 01:30:35.939 | INFO     | src.data.ohlcv_downloader:download_ohlcv:77 - Descargando OHLCV | symbol=XRP/USDC tf=15m
2025-09-19 01:30:39.904 | INFO     | src.data.ohlcv_downloader:download_ohlcv:151 - Guardado 16 velas en C:\BOT_INTELIGENTE\data\ohlcv\XRPUSDC_15m_2025-09-13_2025-09-13.csv
2025-09-19 01:30:40.012 | INFO     | __main__:main:57 - [18/33] Rellenando 2025-09-14 02:30:00+00:00 → 2025-09-14 04:00:00+00:00 (con margen)
2025-09-19 01:30:40.020 | INFO     | src.data.ohlcv_downloader:download_ohlcv:77 - Descargando OHLCV | symbol=XRP/USDC tf=15m
2025-09-19 01:30:43.274 | INFO     | src.data.ohlcv_downloader:download_ohlcv:151 - Guardado 16 velas en C:\BOT_INTELIGENTE\data\ohlcv\XRPUSDC_15m_2025-09-14_2025-09-14.csv
2025-09-19 01:30:43.393 | INFO     | __main__:main:57 - [19/33] Rellenando 2025-09-14 19:15:00+00:00 → 2025-09-14 20:45:00+00:00 (con margen)
2025-09-19 01:30:43.402 | INFO     | src.data.ohlcv_downloader:download_ohlcv:77 - Descargando OHLCV | symbol=XRP/USDC tf=15m
2025-09-19 01:30:47.290 | INFO     | src.data.ohlcv_downloader:download_ohlcv:151 - Guardado 16 velas en C:\BOT_INTELIGENTE\data\ohlcv\XRPUSDC_15m_2025-09-14_2025-09-14.csv
2025-09-19 01:30:47.375 | INFO     | __main__:main:57 - [20/33] Rellenando 2025-09-15 10:00:00+00:00 → 2025-09-15 11:30:00+00:00 (con margen)
2025-09-19 01:30:47.395 | INFO     | src.data.ohlcv_downloader:download_ohlcv:77 - Descargando OHLCV | symbol=XRP/USDC tf=15m
2025-09-19 01:30:50.426 | INFO     | src.data.ohlcv_downloader:download_ohlcv:151 - Guardado 16 velas en C:\BOT_INTELIGENTE\data\ohlcv\XRPUSDC_15m_2025-09-15_2025-09-15.csv
2025-09-19 01:30:50.510 | INFO     | __main__:main:57 - [21/33] Rellenando 2025-09-15 22:45:00+00:00 → 2025-09-16 00:15:00+00:00 (con margen)
2025-09-19 01:30:50.532 | INFO     | src.data.ohlcv_downloader:download_ohlcv:77 - Descargando OHLCV | symbol=XRP/USDC tf=15m
2025-09-19 01:30:53.545 | INFO     | src.data.ohlcv_downloader:download_ohlcv:151 - Guardado 16 velas en C:\BOT_INTELIGENTE\data\ohlcv\XRPUSDC_15m_2025-09-15_2025-09-16.csv
2025-09-19 01:30:53.641 | INFO     | __main__:main:57 - [22/33] Rellenando 2025-09-16 09:45:00+00:00 → 2025-09-16 11:15:00+00:00 (con margen)
2025-09-19 01:30:53.650 | INFO     | src.data.ohlcv_downloader:download_ohlcv:77 - Descargando OHLCV | symbol=XRP/USDC tf=15m
2025-09-19 01:30:56.634 | INFO     | src.data.ohlcv_downloader:download_ohlcv:151 - Guardado 16 velas en C:\BOT_INTELIGENTE\data\ohlcv\XRPUSDC_15m_2025-09-16_2025-09-16.csv
2025-09-19 01:30:56.736 | INFO     | __main__:main:57 - [23/33] Rellenando 2025-09-16 19:30:00+00:00 → 2025-09-16 21:00:00+00:00 (con margen)
2025-09-19 01:30:56.742 | INFO     | src.data.ohlcv_downloader:download_ohlcv:77 - Descargando OHLCV | symbol=XRP/USDC tf=15m
2025-09-19 01:30:59.833 | INFO     | src.data.ohlcv_downloader:download_ohlcv:151 - Guardado 16 velas en C:\BOT_INTELIGENTE\data\ohlcv\XRPUSDC_15m_2025-09-16_2025-09-16.csv
2025-09-19 01:30:59.923 | INFO     | __main__:main:57 - [24/33] Rellenando 2025-09-17 03:45:00+00:00 → 2025-09-17 05:15:00+00:00 (con margen)
2025-09-19 01:30:59.934 | INFO     | src.data.ohlcv_downloader:download_ohlcv:77 - Descargando OHLCV | symbol=XRP/USDC tf=15m
2025-09-19 01:31:03.331 | INFO     | src.data.ohlcv_downloader:download_ohlcv:151 - Guardado 16 velas en C:\BOT_INTELIGENTE\data\ohlcv\XRPUSDC_15m_2025-09-17_2025-09-17.csv
2025-09-19 01:31:03.425 | INFO     | __main__:main:57 - [25/33] Rellenando 2025-09-17 11:00:00+00:00 → 2025-09-17 12:30:00+00:00 (con margen)
2025-09-19 01:31:03.425 | INFO     | src.data.ohlcv_downloader:download_ohlcv:77 - Descargando OHLCV | symbol=XRP/USDC tf=15m
2025-09-19 01:31:06.608 | INFO     | src.data.ohlcv_downloader:download_ohlcv:151 - Guardado 16 velas en C:\BOT_INTELIGENTE\data\ohlcv\XRPUSDC_15m_2025-09-17_2025-09-17.csv
2025-09-19 01:31:06.700 | INFO     | __main__:main:57 - [26/33] Rellenando 2025-09-17 17:15:00+00:00 → 2025-09-17 18:45:00+00:00 (con margen)
2025-09-19 01:31:06.708 | INFO     | src.data.ohlcv_downloader:download_ohlcv:77 - Descargando OHLCV | symbol=XRP/USDC tf=15m
2025-09-19 01:31:09.915 | INFO     | src.data.ohlcv_downloader:download_ohlcv:151 - Guardado 16 velas en C:\BOT_INTELIGENTE\data\ohlcv\XRPUSDC_15m_2025-09-17_2025-09-17.csv
2025-09-19 01:31:10.003 | INFO     | __main__:main:57 - [27/33] Rellenando 2025-09-17 22:45:00+00:00 → 2025-09-18 00:15:00+00:00 (con margen)
2025-09-19 01:31:10.009 | INFO     | src.data.ohlcv_downloader:download_ohlcv:77 - Descargando OHLCV | symbol=XRP/USDC tf=15m
2025-09-19 01:31:13.130 | INFO     | src.data.ohlcv_downloader:download_ohlcv:151 - Guardado 16 velas en C:\BOT_INTELIGENTE\data\ohlcv\XRPUSDC_15m_2025-09-17_2025-09-18.csv
2025-09-19 01:31:13.238 | INFO     | __main__:main:57 - [28/33] Rellenando 2025-09-18 03:30:00+00:00 → 2025-09-18 05:00:00+00:00 (con margen)
2025-09-19 01:31:13.241 | INFO     | src.data.ohlcv_downloader:download_ohlcv:77 - Descargando OHLCV | symbol=XRP/USDC tf=15m
2025-09-19 01:31:16.313 | INFO     | src.data.ohlcv_downloader:download_ohlcv:151 - Guardado 16 velas en C:\BOT_INTELIGENTE\data\ohlcv\XRPUSDC_15m_2025-09-18_2025-09-18.csv
2025-09-19 01:31:16.428 | INFO     | __main__:main:57 - [29/33] Rellenando 2025-09-18 07:45:00+00:00 → 2025-09-18 09:15:00+00:00 (con margen)
2025-09-19 01:31:16.436 | INFO     | src.data.ohlcv_downloader:download_ohlcv:77 - Descargando OHLCV | symbol=XRP/USDC tf=15m
2025-09-19 01:31:19.764 | INFO     | src.data.ohlcv_downloader:download_ohlcv:151 - Guardado 16 velas en C:\BOT_INTELIGENTE\data\ohlcv\XRPUSDC_15m_2025-09-18_2025-09-18.csv
2025-09-19 01:31:19.872 | INFO     | __main__:main:57 - [30/33] Rellenando 2025-09-18 11:30:00+00:00 → 2025-09-18 13:00:00+00:00 (con margen)
2025-09-19 01:31:19.875 | INFO     | src.data.ohlcv_downloader:download_ohlcv:77 - Descargando OHLCV | symbol=XRP/USDC tf=15m
2025-09-19 01:31:23.149 | INFO     | src.data.ohlcv_downloader:download_ohlcv:151 - Guardado 16 velas en C:\BOT_INTELIGENTE\data\ohlcv\XRPUSDC_15m_2025-09-18_2025-09-18.csv
2025-09-19 01:31:23.258 | INFO     | __main__:main:57 - [31/33] Rellenando 2025-09-18 14:45:00+00:00 → 2025-09-18 16:15:00+00:00 (con margen)
2025-09-19 01:31:23.258 | INFO     | src.data.ohlcv_downloader:download_ohlcv:77 - Descargando OHLCV | symbol=XRP/USDC tf=15m
2025-09-19 01:31:26.301 | INFO     | src.data.ohlcv_downloader:download_ohlcv:151 - Guardado 16 velas en C:\BOT_INTELIGENTE\data\ohlcv\XRPUSDC_15m_2025-09-18_2025-09-18.csv
2025-09-19 01:31:26.393 | INFO     | __main__:main:57 - [32/33] Rellenando 2025-09-18 17:30:00+00:00 → 2025-09-18 19:00:00+00:00 (con margen)
2025-09-19 01:31:26.402 | INFO     | src.data.ohlcv_downloader:download_ohlcv:77 - Descargando OHLCV | symbol=XRP/USDC tf=15m
2025-09-19 01:31:29.500 | INFO     | src.data.ohlcv_downloader:download_ohlcv:151 - Guardado 16 velas en C:\BOT_INTELIGENTE\data\ohlcv\XRPUSDC_15m_2025-09-18_2025-09-18.csv
2025-09-19 01:31:29.602 | INFO     | __main__:main:57 - [33/33] Rellenando 2025-09-18 19:45:00+00:00 → 2025-09-18 21:15:00+00:00 (con margen)
2025-09-19 01:31:29.611 | INFO     | src.data.ohlcv_downloader:download_ohlcv:77 - Descargando OHLCV | symbol=XRP/USDC tf=15m
2025-09-19 01:31:32.652 | INFO     | src.data.ohlcv_downloader:download_ohlcv:151 - Guardado 16 velas en C:\BOT_INTELIGENTE\data\ohlcv\XRPUSDC_15m_2025-09-18_2025-09-18.csv
2025-09-19 01:31:32.758 | INFO     | __main__:main:71 - Huecos restantes tras parcheo: 0
2025-09-19 01:31:32.858 | INFO     | __main__:main:76 - Guardado dataset rellenado: data\ohlcv\XRPUSDC_15m_2025-07-15_2025-09-18_filled.csv
2025-09-19 15:09:30.677 | INFO     | src.data.ohlcv_downloader:download_ohlcv:148 - Descargando OHLCV | symbol=XRP/USDC tf=15m
2025-09-19 15:09:34.287 | INFO     | src.data.ohlcv_downloader:download_ohlcv:308 - Guardado 384 velas normalizadas en C:\BOT_INTELIGENTE\data\ohlcv\XRPUSDC_15m_2025-09-01_2025-09-05.csv
2025-09-19 15:23:52.562 | INFO     | src.data.ohlcv_downloader:download_ohlcv:148 - Descargando OHLCV | symbol=XRP/USDC tf=15m
2025-09-19 15:23:55.500 | INFO     | src.data.ohlcv_downloader:download_ohlcv:217 - Archivo existente detectado; se reutilizará durante el volcado incremental y se reemplazará atómicamente al final: C:\BOT_INTELIGENTE\data\ohlcv\XRPUSDC_15m_2025-09-01_2025-09-05.csv
2025-09-19 15:26:40.249 | INFO     | src.data.ohlcv_downloader:download_ohlcv:148 - Descargando OHLCV | symbol=XRP/USDC tf=15m
2025-09-19 15:26:43.969 | INFO     | src.data.ohlcv_downloader:download_ohlcv:308 - Guardado 384 velas normalizadas en C:\BOT_INTELIGENTE\data\ohlcv\XRPUSDC_15m_2025-09-01_2025-09-05.csv
2025-09-19 15:26:44.031 | INFO     | __main__:main:108 - Archivo generado: C:\BOT_INTELIGENTE\data\ohlcv\XRPUSDC_15m_2025-09-01_2025-09-05.csv
